0 info it worked if it ends with ok
1 verbose cli [ '/usr/bin/node', '/usr/bin/npm', 'install', '-g', 'bower' ]
2 info using npm@3.5.3
3 info using node@v5.4.0
4 silly loadCurrentTree Starting
5 silly install loadCurrentTree
6 silly install readGlobalPackageData
7 silly fetchPackageMetaData bower
8 silly fetchNamedPackageData bower
9 silly mapToRegistry name bower
10 silly mapToRegistry using default registry
11 silly mapToRegistry registry https://registry.npmjs.org/
12 silly mapToRegistry uri https://registry.npmjs.org/bower
13 verbose request uri https://registry.npmjs.org/bower
14 verbose request no auth needed
15 info attempt registry request try #1 at 2:40:33 PM
16 verbose request id 1602e2f7b5a60371
17 verbose etag "436L91KMSESJZBW3CE6OPN7NO"
18 http request GET https://registry.npmjs.org/bower
19 http 304 https://registry.npmjs.org/bower
20 verbose headers { date: 'Thu, 31 Mar 2016 11:40:36 GMT',
20 verbose headers   via: '1.1 varnish',
20 verbose headers   'cache-control': 'max-age=300',
20 verbose headers   etag: '"436L91KMSESJZBW3CE6OPN7NO"',
20 verbose headers   age: '274',
20 verbose headers   connection: 'keep-alive',
20 verbose headers   'x-served-by': 'cache-lcy1122-LCY',
20 verbose headers   'x-cache': 'HIT',
20 verbose headers   'x-cache-hits': '7',
20 verbose headers   'x-timer': 'S1459424436.573786,VS0,VE0',
20 verbose headers   vary: 'Accept' }
21 silly get cb [ 304,
21 silly get   { date: 'Thu, 31 Mar 2016 11:40:36 GMT',
21 silly get     via: '1.1 varnish',
21 silly get     'cache-control': 'max-age=300',
21 silly get     etag: '"436L91KMSESJZBW3CE6OPN7NO"',
21 silly get     age: '274',
21 silly get     connection: 'keep-alive',
21 silly get     'x-served-by': 'cache-lcy1122-LCY',
21 silly get     'x-cache': 'HIT',
21 silly get     'x-cache-hits': '7',
21 silly get     'x-timer': 'S1459424436.573786,VS0,VE0',
21 silly get     vary: 'Accept' } ]
22 verbose etag https://registry.npmjs.org/bower from cache
23 verbose get saving bower to /home/aash29/.npm/registry.npmjs.org/bower/.cache.json
24 silly install normalizeTree
25 silly loadCurrentTree Finishing
26 silly loadIdealTree Starting
27 silly install loadIdealTree
28 silly cloneCurrentTree Starting
29 silly install cloneCurrentTreeToIdealTree
30 silly cloneCurrentTree Finishing
31 silly loadShrinkwrap Starting
32 silly install loadShrinkwrap
33 silly loadShrinkwrap Finishing
34 silly loadAllDepsIntoIdealTree Starting
35 silly install loadAllDepsIntoIdealTree
36 silly resolveWithNewModule bower@1.7.7 checking installable status
37 silly cache add args [ 'bower', null ]
38 verbose cache add spec bower
39 silly cache add parsed spec Result {
39 silly cache add   raw: 'bower',
39 silly cache add   scope: null,
39 silly cache add   name: 'bower',
39 silly cache add   rawSpec: '',
39 silly cache add   spec: 'latest',
39 silly cache add   type: 'tag' }
40 silly addNamed bower@latest
41 verbose addNamed "latest" is being treated as a dist-tag for bower
42 info addNameTag [ 'bower', 'latest' ]
43 silly mapToRegistry name bower
44 silly mapToRegistry using default registry
45 silly mapToRegistry registry https://registry.npmjs.org/
46 silly mapToRegistry uri https://registry.npmjs.org/bower
47 verbose addNameTag registry:https://registry.npmjs.org/bower not in flight; fetching
48 verbose get https://registry.npmjs.org/bower not expired, no request
49 silly addNameTag next cb for bower with tag latest
50 silly addNamed bower@1.7.7
51 verbose addNamed "1.7.7" is a plain semver version for bower
52 silly cache afterAdd bower@1.7.7
53 verbose afterAdd /home/aash29/.npm/bower/1.7.7/package/package.json not in flight; writing
54 verbose afterAdd /home/aash29/.npm/bower/1.7.7/package/package.json written
55 silly loadAllDepsIntoIdealTree Finishing
56 silly idealTree:prePrune lib
56 silly idealTree:prePrune `-- bower@1.7.7
57 silly loadIdealTree Finishing
58 silly currentTree lib
58 silly currentTree `-- bower@1.7.7
59 silly idealTree lib
59 silly idealTree `-- bower@1.7.7
60 silly generateActionsToTake Starting
61 silly install generateActionsToTake
62 warn checkPermissions Missing write access to /usr/lib/node_modules/bower
63 warn checkPermissions Missing write access to /usr/lib/node_modules
64 silly rollbackFailedOptional Starting
65 silly rollbackFailedOptional Finishing
66 silly runTopLevelLifecycles Starting
67 silly runTopLevelLifecycles Finishing
68 silly install printInstalled
69 verbose stack Error: EACCES: permission denied, access '/usr/lib/node_modules/bower'
69 verbose stack     at Error (native)
70 verbose cwd /home/aash29/cpp/realtime-multiplayer-in-html5
71 error Linux 4.3.3-2-ARCH
72 error argv "/usr/bin/node" "/usr/bin/npm" "install" "-g" "bower"
73 error node v5.4.0
74 error npm  v3.5.3
75 error path /usr/lib/node_modules/bower
76 error code EACCES
77 error errno -13
78 error syscall access
79 error Error: EACCES: permission denied, access '/usr/lib/node_modules/bower'
79 error     at Error (native)
79 error  { [Error: EACCES: permission denied, access '/usr/lib/node_modules/bower']
79 error   errno: -13,
79 error   code: 'EACCES',
79 error   syscall: 'access',
79 error   path: '/usr/lib/node_modules/bower' }
80 error Please try running this command again as root/Administrator.
81 verbose exit [ -13, true ]
